INFO 2025-02-15 01:41:49,807 views User oys accessed the upload page.
INFO 2025-02-15 01:41:49,836 basehttp "GET /revenue_collection/ HTTP/1.1" 200 6962
WARNING 2025-02-15 01:41:49,938 log Not Found: /css2
WARNING 2025-02-15 01:41:49,938 basehttp "GET /css2 HTTP/1.1" 404 3296
INFO 2025-02-15 01:41:50,139 basehttp "GET /static/assets/js/upload.js HTTP/1.1" 304 0
INFO 2025-02-15 01:41:50,888 basehttp "GET /static/assets/img/law.png HTTP/1.1" 304 0
INFO 2025-02-15 01:43:01,581 views User oys accessed the upload page.
INFO 2025-02-15 01:43:01,590 basehttp "GET /revenue_collection/ HTTP/1.1" 200 7093
WARNING 2025-02-15 01:43:01,657 log Not Found: /css2
WARNING 2025-02-15 01:43:01,666 basehttp "GET /css2 HTTP/1.1" 404 3296
WARNING 2025-02-15 01:43:01,667 basehttp "GET /static/assets/img/icons/logout1.svg HTTP/1.1" 404 1898
INFO 2025-02-15 01:43:16,300 views User oys accessed the upload page.
INFO 2025-02-15 01:43:16,309 basehttp "GET /revenue_collection/ HTTP/1.1" 200 7092
WARNING 2025-02-15 01:43:16,392 log Not Found: /css2
WARNING 2025-02-15 01:43:16,393 basehttp "GET /css2 HTTP/1.1" 404 3296
WARNING 2025-02-15 01:43:16,402 basehttp "GET /static/assets/img/icons/logout.svg HTTP/1.1" 404 1895
INFO 2025-02-15 01:47:36,934 views User oys accessed the upload page.
INFO 2025-02-15 01:47:36,946 basehttp "GET /revenue_collection/ HTTP/1.1" 200 7093
WARNING 2025-02-15 01:47:37,040 log Not Found: /css2
WARNING 2025-02-15 01:47:37,041 basehttp "GET /css2 HTTP/1.1" 404 3296
INFO 2025-02-15 01:47:37,339 basehttp "GET /static/assets/img/icons/log-out.svg HTTP/1.1" 200 923
INFO 2025-02-15 01:48:23,624 views User oys accessed the upload page.
INFO 2025-02-15 01:48:23,632 basehttp "GET /revenue_collection/ HTTP/1.1" 200 7114
WARNING 2025-02-15 01:48:23,696 log Not Found: /css2
WARNING 2025-02-15 01:48:23,696 basehttp "GET /css2 HTTP/1.1" 404 3296
INFO 2025-02-15 01:48:24,530 views User oys accessed the upload page.
INFO 2025-02-15 01:48:24,533 basehttp "GET /revenue_collection/ HTTP/1.1" 200 7114
WARNING 2025-02-15 01:48:24,605 log Not Found: /css2
WARNING 2025-02-15 01:48:24,605 basehttp "GET /css2 HTTP/1.1" 404 3296
INFO 2025-02-15 01:48:38,132 views User oys accessed the upload page.
INFO 2025-02-15 01:48:38,140 basehttp "GET /revenue_collection/ HTTP/1.1" 200 7119
WARNING 2025-02-15 01:48:38,198 log Not Found: /css2
WARNING 2025-02-15 01:48:38,199 basehttp "GET /css2 HTTP/1.1" 404 3296
INFO 2025-02-15 01:50:08,300 views User oys accessed the upload page.
INFO 2025-02-15 01:50:08,309 basehttp "GET /revenue_collection/ HTTP/1.1" 200 7200
WARNING 2025-02-15 01:50:08,405 log Not Found: /css2
WARNING 2025-02-15 01:50:08,406 basehttp "GET /css2 HTTP/1.1" 404 3296
INFO 2025-02-15 01:50:11,049 views User oys accessed the upload page.
INFO 2025-02-15 01:50:11,051 basehttp "GET /revenue_collection/ HTTP/1.1" 200 7200
WARNING 2025-02-15 01:50:11,104 log Not Found: /css2
WARNING 2025-02-15 01:50:11,105 basehttp "GET /css2 HTTP/1.1" 404 3296
WARNING 2025-02-15 01:50:48,941 log Not Found: /css2
WARNING 2025-02-15 01:50:48,942 basehttp "GET /css2 HTTP/1.1" 404 3296
WARNING 2025-02-15 01:50:49,430 basehttp "GET /static/assets/js/bootstrap.bundle.min.js.map HTTP/1.1" 404 1925
WARNING 2025-02-15 01:50:49,445 basehttp "GET /static/assets/js/feather.min.js.map HTTP/1.1" 404 1898
WARNING 2025-02-15 01:50:49,659 basehttp "GET /static/assets/css/bootstrap.min.css.map HTTP/1.1" 404 1910
INFO 2025-02-15 01:51:05,577 views User oys accessed the upload page.
INFO 2025-02-15 01:51:05,580 basehttp "GET /revenue_collection/ HTTP/1.1" 200 7200
WARNING 2025-02-15 01:51:05,742 log Not Found: /css2
WARNING 2025-02-15 01:51:05,744 basehttp "GET /css2 HTTP/1.1" 404 3296
WARNING 2025-02-15 01:51:06,381 basehttp "GET /static/assets/css/bootstrap.min.css.map HTTP/1.1" 404 1910
WARNING 2025-02-15 01:51:06,460 basehttp "GET /static/assets/js/bootstrap.bundle.min.js.map HTTP/1.1" 404 1925
WARNING 2025-02-15 01:51:07,097 basehttp "GET /static/assets/js/feather.min.js.map HTTP/1.1" 404 1898
INFO 2025-02-15 01:56:18,439 views User oys accessed the upload page.
INFO 2025-02-15 01:56:18,448 basehttp "GET /revenue_collection/ HTTP/1.1" 200 7094
WARNING 2025-02-15 01:56:18,528 log Not Found: /css2
WARNING 2025-02-15 01:56:18,530 basehttp "GET /css2 HTTP/1.1" 404 3296
WARNING 2025-02-15 01:56:18,538 basehttp "GET /static/assets/img/icons/logout.png HTTP/1.1" 404 1895
INFO 2025-02-15 01:56:21,195 views User oys accessed the upload page.
INFO 2025-02-15 01:56:21,197 basehttp "GET /revenue_collection/ HTTP/1.1" 200 7094
WARNING 2025-02-15 01:56:21,255 basehttp "GET /static/assets/img/icons/logout.png HTTP/1.1" 404 1895
WARNING 2025-02-15 01:56:21,263 log Not Found: /css2
WARNING 2025-02-15 01:56:21,263 basehttp "GET /css2 HTTP/1.1" 404 3296
INFO 2025-02-15 02:03:15,055 views User oys accessed the upload page.
INFO 2025-02-15 02:03:15,064 basehttp "GET /revenue_collection/ HTTP/1.1" 200 7094
WARNING 2025-02-15 02:03:15,160 log Not Found: /css2
WARNING 2025-02-15 02:03:15,162 basehttp "GET /css2 HTTP/1.1" 404 3296
INFO 2025-02-15 02:03:15,164 basehttp "GET /static/assets/img/icons/logout.svg HTTP/1.1" 200 421
INFO 2025-02-15 02:03:15,281 basehttp "GET /static/assets/js/upload.js HTTP/1.1" 304 0
INFO 2025-02-15 02:04:58,533 views User oys accessed the upload page.
INFO 2025-02-15 02:04:58,541 basehttp "GET /revenue_collection/ HTTP/1.1" 200 7095
INFO 2025-02-15 02:04:58,616 basehttp "GET /static/assets/img/icons/upload1.svg HTTP/1.1" 200 436
WARNING 2025-02-15 02:04:58,633 log Not Found: /css2
WARNING 2025-02-15 02:04:58,633 basehttp "GET /css2 HTTP/1.1" 404 3296
INFO 2025-02-15 02:04:58,668 basehttp "GET /static/assets/img/icons/logout.svg HTTP/1.1" 304 0
WARNING 2025-02-15 02:05:28,555 log Bad Request: /revenue_collection/upload_temp_file/
WARNING 2025-02-15 02:05:28,555 basehttp "POST /revenue_collection/upload_temp_file/ HTTP/1.1" 400 40
WARNING 2025-02-15 02:05:35,278 log Bad Request: /revenue_collection/upload_temp_file/
WARNING 2025-02-15 02:05:35,279 basehttp "POST /revenue_collection/upload_temp_file/ HTTP/1.1" 400 178
INFO 2025-02-15 02:08:56,987 views User oys accessed the upload page.
INFO 2025-02-15 02:08:56,999 basehttp "GET /revenue_collection/ HTTP/1.1" 200 7089
INFO 2025-02-15 02:08:57,076 basehttp "GET /static/assets/img/icons/upload1.svg HTTP/1.1" 304 0
WARNING 2025-02-15 02:08:57,088 log Not Found: /css2
WARNING 2025-02-15 02:08:57,089 basehttp "GET /css2 HTTP/1.1" 404 3296
INFO 2025-02-15 02:08:57,092 basehttp "GET /static/assets/img/icons/csv.svg HTTP/1.1" 200 1252
INFO 2025-02-15 02:08:57,107 basehttp "GET /static/assets/img/icons/logout.svg HTTP/1.1" 304 0
INFO 2025-02-15 02:10:31,175 views User oys accessed the upload page.
INFO 2025-02-15 02:10:31,183 basehttp "GET /revenue_collection/ HTTP/1.1" 200 7089
WARNING 2025-02-15 02:10:31,287 log Not Found: /css2
WARNING 2025-02-15 02:10:31,289 basehttp "GET /css2 HTTP/1.1" 404 3296
INFO 2025-02-15 02:10:31,293 basehttp "GET /static/assets/img/icons/company.svg HTTP/1.1" 200 906
INFO 2025-02-15 02:10:31,294 basehttp "GET /static/assets/img/icons/upload1.svg HTTP/1.1" 304 0
INFO 2025-02-15 02:10:31,440 basehttp "GET /static/assets/img/icons/logout.svg HTTP/1.1" 304 0
INFO 2025-02-15 02:10:31,442 basehttp "GET /static/assets/img/icons/csv.svg HTTP/1.1" 304 0
WARNING 2025-02-15 02:11:27,830 log Bad Request: /revenue_collection/upload_temp_file/
WARNING 2025-02-15 02:11:27,831 basehttp "POST /revenue_collection/upload_temp_file/ HTTP/1.1" 400 178
INFO 2025-02-15 02:12:21,015 autoreload C:\Users\dell\Documents\revenue_collection\revenue_collection_web\bill_rate_system\views.py changed, reloading.
INFO 2025-02-15 02:12:22,329 autoreload Watching for file changes with StatReloader
INFO 2025-02-15 02:12:33,029 views User oys accessed the upload page.
INFO 2025-02-15 02:12:33,062 basehttp "GET /revenue_collection/? HTTP/1.1" 200 7089
WARNING 2025-02-15 02:12:33,181 log Not Found: /css2
WARNING 2025-02-15 02:12:33,182 basehttp "GET /css2 HTTP/1.1" 404 3296
INFO 2025-02-15 02:12:33,192 basehttp "GET /static/assets/img/icons/upload1.svg HTTP/1.1" 304 0
INFO 2025-02-15 02:12:33,200 basehttp "GET /static/assets/img/icons/company.svg HTTP/1.1" 304 0
INFO 2025-02-15 02:12:33,477 basehttp "GET /static/assets/img/icons/csv.svg HTTP/1.1" 304 0
INFO 2025-02-15 02:12:33,479 basehttp "GET /static/assets/img/icons/logout.svg HTTP/1.1" 304 0
WARNING 2025-02-15 02:12:37,984 log Bad Request: /revenue_collection/upload_temp_file/
WARNING 2025-02-15 02:12:37,985 basehttp "POST /revenue_collection/upload_temp_file/ HTTP/1.1" 400 188
INFO 2025-02-15 02:12:44,838 views User oys accessed the project list.
INFO 2025-02-15 02:12:44,840 views Retrieved 0 projects from the database.
INFO 2025-02-15 02:12:44,846 basehttp "GET /revenue_collection/projects/ HTTP/1.1" 200 6864
WARNING 2025-02-15 02:12:44,919 log Not Found: /css2
WARNING 2025-02-15 02:12:44,920 basehttp "GET /css2 HTTP/1.1" 404 3296
INFO 2025-02-15 02:12:46,916 basehttp "GET /revenue_collection/projects/add/ HTTP/1.1" 200 7584
WARNING 2025-02-15 02:12:46,974 log Not Found: /css2
WARNING 2025-02-15 02:12:46,974 basehttp "GET /css2 HTTP/1.1" 404 3296
INFO 2025-02-15 02:12:52,592 views User oys added a new project: Google.
INFO 2025-02-15 02:12:52,594 basehttp "POST /revenue_collection/projects/add/ HTTP/1.1" 302 0
INFO 2025-02-15 02:12:52,623 views User oys accessed the project list.
INFO 2025-02-15 02:12:52,625 views Retrieved 1 projects from the database.
INFO 2025-02-15 02:12:52,631 basehttp "GET /revenue_collection/projects/ HTTP/1.1" 200 7056
INFO 2025-02-15 02:12:52,689 basehttp "GET /static/assets/img/icons/company.svg HTTP/1.1" 304 0
WARNING 2025-02-15 02:12:52,709 log Not Found: /css2
WARNING 2025-02-15 02:12:52,710 basehttp "GET /css2 HTTP/1.1" 404 3296
INFO 2025-02-15 02:12:59,872 views User oys accessed project edit page for project ID 2.
INFO 2025-02-15 02:12:59,880 basehttp "GET /revenue_collection/projects/edit/2/ HTTP/1.1" 200 7871
WARNING 2025-02-15 02:12:59,944 log Not Found: /css2
INFO 2025-02-15 02:12:59,945 basehttp "GET /static/assets/img/icons/csv.svg HTTP/1.1" 304 0
WARNING 2025-02-15 02:12:59,945 basehttp "GET /css2 HTTP/1.1" 404 3296
INFO 2025-02-15 02:13:05,222 views User oys accessed the project list.
INFO 2025-02-15 02:13:05,223 views Retrieved 1 projects from the database.
INFO 2025-02-15 02:13:05,227 basehttp "GET /revenue_collection/projects/ HTTP/1.1" 200 7056
INFO 2025-02-15 02:13:07,617 basehttp "GET /revenue_collection/projects/add/ HTTP/1.1" 200 7584
WARNING 2025-02-15 02:13:07,691 log Not Found: /css2
WARNING 2025-02-15 02:13:07,691 basehttp "GET /css2 HTTP/1.1" 404 3296
INFO 2025-02-15 02:13:15,214 views User oys added a new project: Facebook.
INFO 2025-02-15 02:13:15,215 basehttp "POST /revenue_collection/projects/add/ HTTP/1.1" 302 0
INFO 2025-02-15 02:13:15,232 views User oys accessed the project list.
INFO 2025-02-15 02:13:15,234 views Retrieved 2 projects from the database.
INFO 2025-02-15 02:13:15,238 basehttp "GET /revenue_collection/projects/ HTTP/1.1" 200 7250
INFO 2025-02-15 02:13:15,299 basehttp "GET /static/assets/img/icons/company.svg HTTP/1.1" 304 0
WARNING 2025-02-15 02:13:15,309 log Not Found: /css2
WARNING 2025-02-15 02:13:15,310 basehttp "GET /css2 HTTP/1.1" 404 3296
INFO 2025-02-15 02:13:20,818 views User oys accessed the timesheets page.
INFO 2025-02-15 02:13:20,819 views Retrieved 0 distinct timesheets.
INFO 2025-02-15 02:13:20,825 basehttp "GET /revenue_collection/timesheets/ HTTP/1.1" 200 6893
WARNING 2025-02-15 02:13:20,913 log Not Found: /css2
WARNING 2025-02-15 02:13:20,914 basehttp "GET /css2 HTTP/1.1" 404 3296
INFO 2025-02-15 02:13:21,953 views User oys accessed the upload page.
INFO 2025-02-15 02:13:21,956 basehttp "GET /revenue_collection/ HTTP/1.1" 200 7089
WARNING 2025-02-15 02:13:22,023 log Not Found: /css2
WARNING 2025-02-15 02:13:22,024 basehttp "GET /css2 HTTP/1.1" 404 3296
WARNING 2025-02-15 02:13:27,450 log Bad Request: /revenue_collection/upload_temp_file/
WARNING 2025-02-15 02:13:27,451 basehttp "POST /revenue_collection/upload_temp_file/ HTTP/1.1" 400 166
INFO 2025-02-15 02:13:31,531 views User oys accessed the project list.
INFO 2025-02-15 02:13:31,532 views Retrieved 2 projects from the database.
INFO 2025-02-15 02:13:31,535 basehttp "GET /revenue_collection/projects/ HTTP/1.1" 200 7250
INFO 2025-02-15 02:13:31,634 basehttp "GET /static/assets/img/icons/upload1.svg HTTP/1.1" 304 0
WARNING 2025-02-15 02:13:31,655 log Not Found: /css2
WARNING 2025-02-15 02:13:31,657 basehttp "GET /css2 HTTP/1.1" 404 3296
INFO 2025-02-15 02:13:31,658 basehttp "GET /static/assets/img/icons/csv.svg HTTP/1.1" 304 0
INFO 2025-02-15 02:13:33,787 basehttp "GET /revenue_collection/projects/add/ HTTP/1.1" 200 7584
WARNING 2025-02-15 02:13:33,851 log Not Found: /css2
WARNING 2025-02-15 02:13:33,852 basehttp "GET /css2 HTTP/1.1" 404 3296
INFO 2025-02-15 02:14:00,069 views User oys added a new project: Amazon.
INFO 2025-02-15 02:14:00,071 basehttp "POST /revenue_collection/projects/add/ HTTP/1.1" 302 0
INFO 2025-02-15 02:14:00,088 views User oys accessed the project list.
INFO 2025-02-15 02:14:00,089 views Retrieved 3 projects from the database.
INFO 2025-02-15 02:14:00,097 basehttp "GET /revenue_collection/projects/ HTTP/1.1" 200 7442
WARNING 2025-02-15 02:14:00,169 log Not Found: /css2
WARNING 2025-02-15 02:14:00,171 basehttp "GET /css2 HTTP/1.1" 404 3296
INFO 2025-02-15 02:14:00,172 basehttp "GET /static/assets/img/icons/company.svg HTTP/1.1" 304 0
INFO 2025-02-15 02:14:00,172 basehttp "GET /static/assets/img/icons/logout.svg HTTP/1.1" 304 0
INFO 2025-02-15 02:14:03,311 views User oys accessed project edit page for project ID 4.
INFO 2025-02-15 02:14:03,315 basehttp "GET /revenue_collection/projects/edit/4/ HTTP/1.1" 200 7866
INFO 2025-02-15 02:14:03,365 basehttp "GET /static/assets/img/icons/csv.svg HTTP/1.1" 304 0
WARNING 2025-02-15 02:14:03,378 log Not Found: /css2
WARNING 2025-02-15 02:14:03,379 basehttp "GET /css2 HTTP/1.1" 404 3296
INFO 2025-02-15 02:14:08,475 views User oys accessed project edit page for project ID 4.
INFO 2025-02-15 02:14:08,478 basehttp "GET /revenue_collection/projects/edit/4/ HTTP/1.1" 200 7618
WARNING 2025-02-15 02:14:08,542 log Not Found: /css2
WARNING 2025-02-15 02:14:08,543 basehttp "GET /css2 HTTP/1.1" 404 3296
INFO 2025-02-15 02:14:12,231 views User oys accessed the timesheets page.
INFO 2025-02-15 02:14:12,232 views Retrieved 0 distinct timesheets.
INFO 2025-02-15 02:14:12,235 basehttp "GET /revenue_collection/timesheets/ HTTP/1.1" 200 6893
WARNING 2025-02-15 02:14:12,310 log Not Found: /css2
WARNING 2025-02-15 02:14:12,310 basehttp "GET /css2 HTTP/1.1" 404 3296
INFO 2025-02-15 02:14:13,701 views User oys accessed the project list.
INFO 2025-02-15 02:14:13,701 views Retrieved 3 projects from the database.
INFO 2025-02-15 02:14:13,706 basehttp "GET /revenue_collection/projects/ HTTP/1.1" 200 7442
WARNING 2025-02-15 02:14:13,769 log Not Found: /css2
WARNING 2025-02-15 02:14:13,770 basehttp "GET /css2 HTTP/1.1" 404 3296
INFO 2025-02-15 02:14:21,798 views User oys accessed the upload page.
INFO 2025-02-15 02:14:21,801 basehttp "GET /revenue_collection/ HTTP/1.1" 200 7089
WARNING 2025-02-15 02:14:21,874 log Not Found: /css2
WARNING 2025-02-15 02:14:21,874 basehttp "GET /css2 HTTP/1.1" 404 3296
INFO 2025-02-15 02:14:27,914 basehttp "POST /revenue_collection/upload_temp_file/ HTTP/1.1" 200 68
INFO 2025-02-15 02:14:34,084 views Processing file request received.
INFO 2025-02-15 02:14:34,084 views Request JSON successfully parsed.
INFO 2025-02-15 02:14:34,084 views Generated sheet name: sheet2ZYUDO
INFO 2025-02-15 02:14:34,087 views CSV file loaded successfully.
INFO 2025-02-15 02:14:34,105 views New entry added for Employee ID: 1 on 2019-07-01.
INFO 2025-02-15 02:14:34,109 views New entry added for Employee ID: 2 on 2019-07-01.
INFO 2025-02-15 02:14:34,113 views New entry added for Employee ID: 3 on 2019-07-01.
INFO 2025-02-15 02:14:34,117 views New entry added for Employee ID: 4 on 2019-07-01.
INFO 2025-02-15 02:14:34,129 views 4 new entries successfully added to the database.
INFO 2025-02-15 02:14:34,129 views Starting invoice generation process.
INFO 2025-02-15 02:14:34,142 views Converted time fields successfully.
INFO 2025-02-15 02:14:34,146 views Calculated billable hours and cost.
INFO 2025-02-15 02:14:34,192 views Invoice data successfully generated.
INFO 2025-02-15 02:14:34,193 views File processing completed successfully.
INFO 2025-02-15 02:14:34,206 basehttp "POST /revenue_collection/process_file/ HTTP/1.1" 200 151
WARNING 2025-02-15 02:14:41,852 log Not Found: /list_projects/
WARNING 2025-02-15 02:14:41,853 basehttp "GET /list_projects/ HTTP/1.1" 404 3326
INFO 2025-02-15 02:16:31,233 autoreload C:\Users\dell\Documents\revenue_collection\revenue_collection_web\bill_rate_system\views.py changed, reloading.
INFO 2025-02-15 02:16:32,746 autoreload Watching for file changes with StatReloader
INFO 2025-02-15 02:17:07,732 views User oys accessed the project list page.
INFO 2025-02-15 02:17:07,732 views Retrieved 3 projects from session data.
INFO 2025-02-15 02:17:07,761 basehttp "GET /revenue_collection/list_projects/ HTTP/1.1" 200 7517
INFO 2025-02-15 02:17:07,849 basehttp "GET /static/assets/img/icons/upload1.svg HTTP/1.1" 304 0
INFO 2025-02-15 02:17:07,850 basehttp "GET /static/assets/img/icons/company.svg HTTP/1.1" 304 0
WARNING 2025-02-15 02:17:07,865 log Not Found: /css2
WARNING 2025-02-15 02:17:07,867 basehttp "GET /css2 HTTP/1.1" 404 3296
INFO 2025-02-15 02:17:07,868 basehttp "GET /static/assets/img/icons/csv.svg HTTP/1.1" 304 0
INFO 2025-02-15 02:17:07,869 basehttp "GET /static/assets/img/icons/logout.svg HTTP/1.1" 304 0
INFO 2025-02-15 02:17:51,376 views User oys accessed the project list page.
INFO 2025-02-15 02:17:51,377 views Retrieved 3 projects from session data.
INFO 2025-02-15 02:17:51,389 basehttp "GET /revenue_collection/list_projects/ HTTP/1.1" 200 7594
WARNING 2025-02-15 02:17:51,493 log Not Found: /css2
WARNING 2025-02-15 02:17:51,494 basehttp "GET /css2 HTTP/1.1" 404 3296
INFO 2025-02-15 02:17:54,200 views User oys accessed invoice for project: Amazon
INFO 2025-02-15 02:17:54,200 views Successfully retrieved invoice data for project: Amazon. Entries found: 1
INFO 2025-02-15 02:17:54,204 basehttp "GET /revenue_collection/view_invoice/Amazon/ HTTP/1.1" 200 7040
WARNING 2025-02-15 02:17:54,272 log Not Found: /css2
INFO 2025-02-15 02:17:54,273 basehttp "GET /static/assets/img/icons/company.svg HTTP/1.1" 304 0
WARNING 2025-02-15 02:17:54,273 basehttp "GET /css2 HTTP/1.1" 404 3296
INFO 2025-02-15 02:18:27,792 views User oys accessed invoice for project: Amazon
INFO 2025-02-15 02:18:27,792 views Successfully retrieved invoice data for project: Amazon. Entries found: 1
INFO 2025-02-15 02:18:27,802 basehttp "GET /revenue_collection/view_invoice/Amazon/ HTTP/1.1" 200 7116
WARNING 2025-02-15 02:18:27,881 log Not Found: /css2
INFO 2025-02-15 02:18:27,882 basehttp "GET /static/assets/img/icons/upload1.svg HTTP/1.1" 304 0
INFO 2025-02-15 02:18:27,882 basehttp "GET /static/assets/img/icons/csv.svg HTTP/1.1" 304 0
WARNING 2025-02-15 02:18:27,882 basehttp "GET /css2 HTTP/1.1" 404 3296
INFO 2025-02-15 02:19:52,855 views User oys accessed the upload page.
INFO 2025-02-15 02:19:52,859 basehttp "GET /revenue_collection/ HTTP/1.1" 200 7089
INFO 2025-02-15 02:19:52,955 basehttp "GET /static/assets/img/icons/company.svg HTTP/1.1" 304 0
WARNING 2025-02-15 02:19:52,967 log Not Found: /css2
WARNING 2025-02-15 02:19:52,967 basehttp "GET /css2 HTTP/1.1" 404 3296
INFO 2025-02-15 02:19:52,983 basehttp "GET /static/assets/img/icons/csv.svg HTTP/1.1" 304 0
INFO 2025-02-15 02:19:52,995 basehttp "GET /static/assets/img/icons/logout.svg HTTP/1.1" 304 0
INFO 2025-02-15 02:19:57,394 views User oys accessed the timesheets page.
INFO 2025-02-15 02:19:57,396 views Retrieved 1 distinct timesheets.
INFO 2025-02-15 02:19:57,438 basehttp "GET /revenue_collection/timesheets/ HTTP/1.1" 200 7288
WARNING 2025-02-15 02:19:57,505 log Not Found: /css2
WARNING 2025-02-15 02:19:57,506 basehttp "GET /css2 HTTP/1.1" 404 3296
INFO 2025-02-15 02:19:57,507 basehttp "GET /static/assets/img/icons/upload1.svg HTTP/1.1" 304 0
INFO 2025-02-15 02:20:00,150 views User oys accessed timesheet details for sheet name sheet2ZYUDO.
INFO 2025-02-15 02:20:00,152 views Retrieved 4 entries for sheet name sheet2ZYUDO.
INFO 2025-02-15 02:20:00,167 basehttp "GET /revenue_collection/timesheets/sheet2ZYUDO/ HTTP/1.1" 200 8029
WARNING 2025-02-15 02:20:00,234 log Not Found: /css2
WARNING 2025-02-15 02:20:00,234 basehttp "GET /css2 HTTP/1.1" 404 3296
INFO 2025-02-15 02:20:26,978 views User oys accessed timesheet edit page for ID 1.
INFO 2025-02-15 02:20:26,985 basehttp "GET /revenue_collection/timesheet/edit/1/ HTTP/1.1" 200 7592
WARNING 2025-02-15 02:20:27,054 log Not Found: /css2
WARNING 2025-02-15 02:20:27,055 basehttp "GET /css2 HTTP/1.1" 404 3296
INFO 2025-02-15 02:20:30,297 views User oys accessed timesheet edit page for ID 1.
INFO 2025-02-15 02:20:30,304 views Updated timesheet name from sheet2ZYUDO to sheet2ZYUD1.
INFO 2025-02-15 02:20:30,308 basehttp "POST /revenue_collection/timesheet/edit/1/ HTTP/1.1" 200 7771
WARNING 2025-02-15 02:20:30,394 log Not Found: /css2
WARNING 2025-02-15 02:20:30,395 basehttp "GET /css2 HTTP/1.1" 404 3296
INFO 2025-02-15 02:20:35,118 views User oys accessed the timesheets page.
INFO 2025-02-15 02:20:35,119 views Retrieved 1 distinct timesheets.
INFO 2025-02-15 02:20:35,125 basehttp "GET /revenue_collection/timesheets/ HTTP/1.1" 200 7288
WARNING 2025-02-15 02:20:35,185 log Not Found: /css2
WARNING 2025-02-15 02:20:35,186 basehttp "GET /css2 HTTP/1.1" 404 3296
INFO 2025-02-15 02:20:38,924 views User oys accessed timesheet details for sheet name sheet2ZYUD1.
INFO 2025-02-15 02:20:38,925 views Retrieved 4 entries for sheet name sheet2ZYUD1.
INFO 2025-02-15 02:20:38,937 basehttp "GET /revenue_collection/timesheets/sheet2ZYUD1/ HTTP/1.1" 200 8029
WARNING 2025-02-15 02:20:39,049 log Not Found: /css2
WARNING 2025-02-15 02:20:39,050 basehttp "GET /css2 HTTP/1.1" 404 3296
WARNING 2025-02-15 02:20:42,019 log Not Found: /css2
WARNING 2025-02-15 02:20:42,020 basehttp "GET /css2 HTTP/1.1" 404 3296
INFO 2025-02-15 02:20:49,245 views User oys accessed the upload page.
INFO 2025-02-15 02:20:49,247 basehttp "GET /revenue_collection/ HTTP/1.1" 200 7089
WARNING 2025-02-15 02:20:49,314 log Not Found: /css2
WARNING 2025-02-15 02:20:49,314 basehttp "GET /css2 HTTP/1.1" 404 3296
INFO 2025-02-15 02:20:55,825 basehttp "POST /revenue_collection/upload_temp_file/ HTTP/1.1" 200 68
INFO 2025-02-15 02:21:02,288 views Processing file request received.
INFO 2025-02-15 02:21:02,288 views Request JSON successfully parsed.
INFO 2025-02-15 02:21:02,289 views Generated sheet name: sheet1VLZGV
INFO 2025-02-15 02:21:02,294 views CSV file loaded successfully.
INFO 2025-02-15 02:21:02,316 views Starting invoice generation process.
INFO 2025-02-15 02:21:02,320 views Converted time fields successfully.
INFO 2025-02-15 02:21:02,322 views Calculated billable hours and cost.
INFO 2025-02-15 02:21:02,341 views Invoice data successfully generated.
INFO 2025-02-15 02:21:02,344 views File processing completed successfully.
INFO 2025-02-15 02:21:02,354 basehttp "POST /revenue_collection/process_file/ HTTP/1.1" 200 115
INFO 2025-02-15 02:21:11,021 views User oys accessed the project list page.
INFO 2025-02-15 02:21:11,021 views Retrieved 3 projects from session data.
INFO 2025-02-15 02:21:11,026 basehttp "GET /revenue_collection/list_projects/ HTTP/1.1" 200 7594
WARNING 2025-02-15 02:21:11,114 log Not Found: /css2
INFO 2025-02-15 02:21:11,115 basehttp "GET /static/assets/img/icons/company.svg HTTP/1.1" 304 0
INFO 2025-02-15 02:21:11,115 basehttp "GET /static/assets/img/icons/csv.svg HTTP/1.1" 304 0
WARNING 2025-02-15 02:21:11,115 basehttp "GET /css2 HTTP/1.1" 404 3296
INFO 2025-02-15 02:21:13,531 views User oys accessed invoice for project: Amazon
INFO 2025-02-15 02:21:13,531 views Successfully retrieved invoice data for project: Amazon. Entries found: 1
INFO 2025-02-15 02:21:13,535 basehttp "GET /revenue_collection/view_invoice/Amazon/ HTTP/1.1" 200 7116
WARNING 2025-02-15 02:21:13,604 log Not Found: /css2
WARNING 2025-02-15 02:21:13,605 basehttp "GET /css2 HTTP/1.1" 404 3296
INFO 2025-02-15 02:22:51,532 autoreload C:\Users\dell\Documents\revenue_collection\revenue_collection_web\revenue_collection_web\settings.py changed, reloading.
INFO 2025-02-15 02:22:52,813 autoreload Watching for file changes with StatReloader
INFO 2025-02-15 02:23:03,187 autoreload C:\Users\dell\Documents\revenue_collection\revenue_collection_web\revenue_collection_web\settings.py changed, reloading.
INFO 2025-02-15 02:23:04,342 autoreload Watching for file changes with StatReloader
INFO 2025-02-15 02:23:07,789 autoreload C:\Users\dell\Documents\revenue_collection\revenue_collection_web\revenue_collection_web\settings.py changed, reloading.
INFO 2025-02-15 02:23:09,085 autoreload Watching for file changes with StatReloader
INFO 2025-02-15 02:23:12,677 autoreload C:\Users\dell\Documents\revenue_collection\revenue_collection_web\revenue_collection_web\settings.py changed, reloading.
INFO 2025-02-15 02:23:13,832 autoreload Watching for file changes with StatReloader
INFO 2025-02-15 02:23:18,426 autoreload C:\Users\dell\Documents\revenue_collection\revenue_collection_web\revenue_collection_web\settings.py changed, reloading.
INFO 2025-02-15 02:23:20,886 autoreload Watching for file changes with StatReloader
INFO 2025-02-15 02:23:24,064 autoreload C:\Users\dell\Documents\revenue_collection\revenue_collection_web\revenue_collection_web\settings.py changed, reloading.
INFO 2025-02-15 02:23:25,424 autoreload Watching for file changes with StatReloader
INFO 2025-02-15 02:23:33,499 autoreload C:\Users\dell\Documents\revenue_collection\revenue_collection_web\revenue_collection_web\settings.py changed, reloading.
INFO 2025-02-15 02:23:34,802 autoreload Watching for file changes with StatReloader
INFO 2025-02-15 02:23:53,207 autoreload C:\Users\dell\Documents\revenue_collection\revenue_collection_web\revenue_collection_web\settings.py changed, reloading.
INFO 2025-02-15 02:23:54,284 autoreload Watching for file changes with StatReloader
INFO 2025-02-15 02:26:44,987 views User oys accessed the upload page.
INFO 2025-02-15 02:26:45,026 basehttp "GET /revenue_collection/ HTTP/1.1" 200 7089
INFO 2025-02-15 02:26:45,125 basehttp "GET /static/assets/img/icons/upload1.svg HTTP/1.1" 304 0
INFO 2025-02-15 02:26:45,128 basehttp "GET /static/assets/img/icons/company.svg HTTP/1.1" 304 0
WARNING 2025-02-15 02:26:45,137 log Not Found: /css2
WARNING 2025-02-15 02:26:45,139 basehttp "GET /css2 HTTP/1.1" 404 3296
INFO 2025-02-15 02:26:45,139 basehttp "GET /static/assets/img/icons/logout.svg HTTP/1.1" 304 0
INFO 2025-02-15 02:26:45,140 basehttp "GET /static/assets/img/icons/csv.svg HTTP/1.1" 304 0
INFO 2025-02-15 02:26:45,284 basehttp "GET /static/assets/js/upload.js HTTP/1.1" 304 0
WARNING 2025-02-15 02:26:50,098 log Bad Request: /revenue_collection/upload_temp_file/
WARNING 2025-02-15 02:26:50,099 basehttp "POST /revenue_collection/upload_temp_file/ HTTP/1.1" 400 180
WARNING 2025-02-15 02:27:16,834 log Bad Request: /revenue_collection/upload_temp_file/
WARNING 2025-02-15 02:27:16,835 basehttp "POST /revenue_collection/upload_temp_file/ HTTP/1.1" 400 180
WARNING 2025-02-15 02:27:29,671 log Bad Request: /revenue_collection/upload_temp_file/
WARNING 2025-02-15 02:27:29,672 basehttp "POST /revenue_collection/upload_temp_file/ HTTP/1.1" 400 167
INFO 2025-02-15 02:27:32,361 views User oys accessed the project list.
INFO 2025-02-15 02:27:32,362 views Retrieved 3 projects from the database.
INFO 2025-02-15 02:27:32,369 basehttp "GET /revenue_collection/projects/ HTTP/1.1" 200 7442
WARNING 2025-02-15 02:27:32,493 log Not Found: /css2
WARNING 2025-02-15 02:27:32,494 basehttp "GET /css2 HTTP/1.1" 404 3296
INFO 2025-02-15 02:27:35,469 basehttp "GET /revenue_collection/projects/add/ HTTP/1.1" 200 7584
WARNING 2025-02-15 02:27:35,540 log Not Found: /css2
WARNING 2025-02-15 02:27:35,541 basehttp "GET /css2 HTTP/1.1" 404 3296
INFO 2025-02-15 02:27:45,873 views User oys added a new project: Spotify.
INFO 2025-02-15 02:27:45,875 basehttp "POST /revenue_collection/projects/add/ HTTP/1.1" 302 0
INFO 2025-02-15 02:27:45,892 views User oys accessed the project list.
INFO 2025-02-15 02:27:45,893 views Retrieved 4 projects from the database.
INFO 2025-02-15 02:27:45,899 basehttp "GET /revenue_collection/projects/ HTTP/1.1" 200 7635
WARNING 2025-02-15 02:27:45,971 log Not Found: /css2
WARNING 2025-02-15 02:27:45,972 basehttp "GET /css2 HTTP/1.1" 404 3296
INFO 2025-02-15 02:27:50,797 views User oys accessed the upload page.
INFO 2025-02-15 02:27:50,800 basehttp "GET /revenue_collection/ HTTP/1.1" 200 7089
WARNING 2025-02-15 02:27:50,871 log Not Found: /css2
WARNING 2025-02-15 02:27:50,872 basehttp "GET /css2 HTTP/1.1" 404 3296
INFO 2025-02-15 02:27:55,753 basehttp "POST /revenue_collection/upload_temp_file/ HTTP/1.1" 200 67
INFO 2025-02-15 02:28:33,772 views Processing file request received.
INFO 2025-02-15 02:28:33,773 views Request JSON successfully parsed.
INFO 2025-02-15 02:28:33,773 views Generated sheet name: sheetRYEW20
INFO 2025-02-15 02:28:33,777 views CSV file loaded successfully.
INFO 2025-02-15 02:28:33,788 views New entry added for Employee ID: 2 on 2019-07-01.
INFO 2025-02-15 02:28:33,792 views New entry added for Employee ID: 3 on 2019-07-01.
INFO 2025-02-15 02:28:33,796 views New entry added for Employee ID: 4 on 2019-07-01.
ERROR 2025-02-15 02:28:33,799 views Error processing row {'Employee ID': '"gff"', 'Billable Rate': 200, 'Project': 'Spotify', 'Date': '2019-07-01', 'Start Time': '2:00', 'End Time': '21:00'}: Field 'employee_id' expected a number but got '"gff"'.
Traceback (most recent call last):
  File "C:\Users\dell\Documents\revenue_collection\venv\Lib\site-packages\django\db\models\fields\__init__.py", line 2123, in get_prep_value
    return int(value)
ValueError: invalid literal for int() with base 10: '"gff"'

The above exception was the direct cause of the following exception:

Traceback (most recent call last):
  File "C:\Users\dell\Documents\revenue_collection\revenue_collection_web\bill_rate_system\views.py", line 184, in process_file
    exists = Timesheet.objects.filter(
             ~~~~~~~~~~~~~~~~~~~~~~~~^
        employee_id=row['Employee ID'],
        ^^^^^^^^^^^^^^^^^^^^^^^^^^^^^^^
    ...<3 lines>...
        end_time=row['End Time']
        ^^^^^^^^^^^^^^^^^^^^^^^^
    ).exists()
    ^
  File "C:\Users\dell\Documents\revenue_collection\venv\Lib\site-packages\django\db\models\manager.py", line 87, in manager_method
    return getattr(self.get_queryset(), name)(*args, **kwargs)
           ~~~~~~~~~~~~~~~~~~~~~~~~~~~~~~~~~~^^^^^^^^^^^^^^^^^
  File "C:\Users\dell\Documents\revenue_collection\venv\Lib\site-packages\django\db\models\query.py", line 1476, in filter
    return self._filter_or_exclude(False, args, kwargs)
           ~~~~~~~~~~~~~~~~~~~~~~~^^^^^^^^^^^^^^^^^^^^^
  File "C:\Users\dell\Documents\revenue_collection\venv\Lib\site-packages\django\db\models\query.py", line 1494, in _filter_or_exclude
    clone._filter_or_exclude_inplace(negate, args, kwargs)
    ~~~~~~~~~~~~~~~~~~~~~~~~~~~~~~~~^^^^^^^^^^^^^^^^^^^^^^
  File "C:\Users\dell\Documents\revenue_collection\venv\Lib\site-packages\django\db\models\query.py", line 1501, in _filter_or_exclude_inplace
    self._query.add_q(Q(*args, **kwargs))
    ~~~~~~~~~~~~~~~~~^^^^^^^^^^^^^^^^^^^^
  File "C:\Users\dell\Documents\revenue_collection\venv\Lib\site-packages\django\db\models\sql\query.py", line 1609, in add_q
    clause, _ = self._add_q(q_object, self.used_aliases)
                ~~~~~~~~~~~^^^^^^^^^^^^^^^^^^^^^^^^^^^^^
  File "C:\Users\dell\Documents\revenue_collection\venv\Lib\site-packages\django\db\models\sql\query.py", line 1641, in _add_q
    child_clause, needed_inner = self.build_filter(
                                 ~~~~~~~~~~~~~~~~~^
        child,
        ^^^^^^
    ...<7 lines>...
        update_join_types=update_join_types,
        ^^^^^^^^^^^^^^^^^^^^^^^^^^^^^^^^^^^^
    )
    ^
  File "C:\Users\dell\Documents\revenue_collection\venv\Lib\site-packages\django\db\models\sql\query.py", line 1555, in build_filter
    condition = self.build_lookup(lookups, col, value)
  File "C:\Users\dell\Documents\revenue_collection\venv\Lib\site-packages\django\db\models\sql\query.py", line 1385, in build_lookup
    lookup = lookup_class(lhs, rhs)
  File "C:\Users\dell\Documents\revenue_collection\venv\Lib\site-packages\django\db\models\lookups.py", line 30, in __init__
    self.rhs = self.get_prep_lookup()
               ~~~~~~~~~~~~~~~~~~~~^^
  File "C:\Users\dell\Documents\revenue_collection\venv\Lib\site-packages\django\db\models\lookups.py", line 369, in get_prep_lookup
    return super().get_prep_lookup()
           ~~~~~~~~~~~~~~~~~~~~~~~^^
  File "C:\Users\dell\Documents\revenue_collection\venv\Lib\site-packages\django\db\models\lookups.py", line 88, in get_prep_lookup
    return self.lhs.output_field.get_prep_value(self.rhs)
           ~~~~~~~~~~~~~~~~~~~~~~~~~~~~~~~~~~~~^^^^^^^^^^
  File "C:\Users\dell\Documents\revenue_collection\venv\Lib\site-packages\django\db\models\fields\__init__.py", line 2125, in get_prep_value
    raise e.__class__(
        "Field '%s' expected a number but got %r." % (self.name, value),
    ) from e
ValueError: Field 'employee_id' expected a number but got '"gff"'.
INFO 2025-02-15 02:28:33,892 views 3 new entries successfully added to the database.
INFO 2025-02-15 02:28:33,893 views Starting invoice generation process.
INFO 2025-02-15 02:28:33,900 views Converted time fields successfully.
INFO 2025-02-15 02:28:33,902 views Calculated billable hours and cost.
INFO 2025-02-15 02:28:33,920 views Invoice data successfully generated.
INFO 2025-02-15 02:28:33,922 views File processing completed successfully.
INFO 2025-02-15 02:28:33,932 basehttp "POST /revenue_collection/process_file/ HTTP/1.1" 200 170
INFO 2025-02-15 02:28:40,000 views User oys accessed the project list page.
INFO 2025-02-15 02:28:40,000 views Retrieved 4 projects from session data.
INFO 2025-02-15 02:28:40,014 basehttp "GET /revenue_collection/list_projects/ HTTP/1.1" 200 7894
INFO 2025-02-15 02:28:40,102 basehttp "GET /static/assets/img/icons/company.svg HTTP/1.1" 304 0
WARNING 2025-02-15 02:28:40,121 log Not Found: /css2
WARNING 2025-02-15 02:28:40,122 basehttp "GET /css2 HTTP/1.1" 404 3296
INFO 2025-02-15 02:28:40,140 basehttp "GET /static/assets/img/icons/csv.svg HTTP/1.1" 304 0
INFO 2025-02-15 02:28:42,750 views User oys accessed invoice for project: Spotify
INFO 2025-02-15 02:28:42,750 views Successfully retrieved invoice data for project: Spotify. Entries found: 1
INFO 2025-02-15 02:28:42,755 basehttp "GET /revenue_collection/view_invoice/Spotify/ HTTP/1.1" 200 7133
WARNING 2025-02-15 02:28:42,839 log Not Found: /css2
WARNING 2025-02-15 02:28:42,840 basehttp "GET /css2 HTTP/1.1" 404 3296
INFO 2025-02-15 02:30:10,197 views User oys accessed the upload page.
INFO 2025-02-15 02:30:10,200 basehttp "GET /revenue_collection/ HTTP/1.1" 200 7089
WARNING 2025-02-15 02:30:10,330 log Not Found: /css2
INFO 2025-02-15 02:30:10,331 basehttp "GET /static/assets/img/icons/upload1.svg HTTP/1.1" 304 0
WARNING 2025-02-15 02:30:10,331 basehttp "GET /css2 HTTP/1.1" 404 3296
INFO 2025-02-15 02:30:10,341 basehttp "GET /static/assets/img/icons/logout.svg HTTP/1.1" 304 0
WARNING 2025-02-15 02:30:16,179 log Bad Request: /revenue_collection/upload_temp_file/
WARNING 2025-02-15 02:30:16,180 basehttp "POST /revenue_collection/upload_temp_file/ HTTP/1.1" 400 47
INFO 2025-02-15 02:35:14,090 autoreload C:\Users\dell\Documents\revenue_collection\revenue_collection_web\bill_rate_system\views.py changed, reloading.
INFO 2025-02-15 02:35:15,357 autoreload Watching for file changes with StatReloader
INFO 2025-02-15 02:35:51,596 autoreload C:\Users\dell\Documents\revenue_collection\revenue_collection_web\bill_rate_system\views.py changed, reloading.
INFO 2025-02-15 02:35:52,635 autoreload Watching for file changes with StatReloader
INFO 2025-02-15 02:36:10,880 views User oys accessed the timesheets page.
INFO 2025-02-15 02:36:10,882 views Retrieved 2 distinct timesheets.
INFO 2025-02-15 02:36:10,961 basehttp "GET /revenue_collection/timesheets/ HTTP/1.1" 200 7683
INFO 2025-02-15 02:36:11,060 basehttp "GET /static/assets/img/icons/upload1.svg HTTP/1.1" 304 0
INFO 2025-02-15 02:36:11,065 basehttp "GET /static/assets/img/icons/company.svg HTTP/1.1" 304 0
WARNING 2025-02-15 02:36:11,085 log Not Found: /css2
WARNING 2025-02-15 02:36:11,086 basehttp "GET /css2 HTTP/1.1" 404 3296
INFO 2025-02-15 02:36:11,125 basehttp "GET /static/assets/img/icons/csv.svg HTTP/1.1" 304 0
INFO 2025-02-15 02:36:11,128 basehttp "GET /static/assets/img/icons/logout.svg HTTP/1.1" 304 0
WARNING 2025-02-15 02:36:29,682 log Not Found: /sadmin
WARNING 2025-02-15 02:36:29,683 basehttp "GET /sadmin HTTP/1.1" 404 3302
INFO 2025-02-15 02:36:34,202 basehttp "GET /admin HTTP/1.1" 301 0
INFO 2025-02-15 02:36:34,227 basehttp "GET /admin/ HTTP/1.1" 302 0
INFO 2025-02-15 02:36:34,274 basehttp "GET /admin/login/?next=/admin/ HTTP/1.1" 200 3805
INFO 2025-02-15 02:36:34,882 basehttp "GET /static/admin/css/nav_sidebar.css HTTP/1.1" 200 2810
INFO 2025-02-15 02:36:34,927 basehttp "GET /static/admin/css/responsive.css HTTP/1.1" 200 17972
INFO 2025-02-15 02:36:34,929 basehttp "GET /static/admin/css/login.css HTTP/1.1" 200 951
INFO 2025-02-15 02:36:34,940 basehttp "GET /static/admin/css/base.css HTTP/1.1" 200 22092
INFO 2025-02-15 02:36:34,964 basehttp "GET /static/admin/css/dark_mode.css HTTP/1.1" 200 2804
INFO 2025-02-15 02:36:34,979 basehttp "GET /static/admin/js/theme.js HTTP/1.1" 200 1653
INFO 2025-02-15 02:36:34,989 basehttp "GET /static/admin/js/nav_sidebar.js HTTP/1.1" 200 3063
INFO 2025-02-15 02:36:34,997 basehttp "GET /static/admin/img/icon-yes.svg HTTP/1.1" 200 436
INFO 2025-02-15 02:36:41,882 basehttp "POST /admin/login/?next=/admin/ HTTP/1.1" 302 0
INFO 2025-02-15 02:36:41,928 basehttp "GET /admin/ HTTP/1.1" 200 8781
INFO 2025-02-15 02:36:41,998 basehttp "GET /static/admin/css/dashboard.css HTTP/1.1" 200 441
INFO 2025-02-15 02:36:42,019 basehttp "GET /static/admin/img/icon-addlink.svg HTTP/1.1" 200 331
INFO 2025-02-15 02:36:42,020 basehttp "GET /static/admin/img/icon-changelink.svg HTTP/1.1" 200 380
INFO 2025-02-15 02:36:42,021 basehttp "GET /static/admin/img/icon-deletelink.svg HTTP/1.1" 200 392
INFO 2025-02-15 02:36:44,464 basehttp "GET /admin/bill_rate_system/timesheet/ HTTP/1.1" 200 11900
INFO 2025-02-15 02:36:44,544 basehttp "GET /static/admin/css/changelists.css HTTP/1.1" 200 6878
INFO 2025-02-15 02:36:44,552 basehttp "GET /static/admin/js/vendor/jquery/jquery.js HTTP/1.1" 200 285314
INFO 2025-02-15 02:36:44,553 basehttp "GET /static/admin/js/admin/RelatedObjectLookups.js HTTP/1.1" 200 9097
INFO 2025-02-15 02:36:44,554 basehttp "GET /static/admin/js/jquery.init.js HTTP/1.1" 200 347
INFO 2025-02-15 02:36:44,555 basehttp "GET /static/admin/js/core.js HTTP/1.1" 200 6208
INFO 2025-02-15 02:36:44,568 basehttp "GET /static/admin/js/urlify.js HTTP/1.1" 200 7887
INFO 2025-02-15 02:36:44,575 basehttp "GET /admin/jsi18n/ HTTP/1.1" 200 3342
INFO 2025-02-15 02:36:44,577 basehttp "GET /static/admin/js/prepopulate.js HTTP/1.1" 200 1531
INFO 2025-02-15 02:36:44,578 basehttp "GET /static/admin/js/actions.js HTTP/1.1" 200 8076
INFO 2025-02-15 02:36:44,584 basehttp "GET /static/admin/js/vendor/xregexp/xregexp.js HTTP/1.1" 200 325171
INFO 2025-02-15 02:36:44,624 basehttp "GET /static/admin/js/filters.js HTTP/1.1" 200 978
INFO 2025-02-15 02:36:44,670 basehttp "GET /static/admin/img/tooltag-add.svg HTTP/1.1" 200 331
INFO 2025-02-15 02:36:49,553 basehttp "POST /admin/bill_rate_system/timesheet/ HTTP/1.1" 200 9662
INFO 2025-02-15 02:36:49,636 basehttp "GET /static/admin/js/cancel.js HTTP/1.1" 200 884
INFO 2025-02-15 02:36:50,769 basehttp "POST /admin/bill_rate_system/timesheet/ HTTP/1.1" 302 0
INFO 2025-02-15 02:36:50,793 basehttp "GET /admin/bill_rate_system/timesheet/ HTTP/1.1" 200 8555
INFO 2025-02-15 02:36:50,848 basehttp "GET /admin/jsi18n/ HTTP/1.1" 200 3342
INFO 2025-02-15 02:36:58,582 views User yaw accessed the timesheets page.
INFO 2025-02-15 02:36:58,583 views Retrieved 0 distinct timesheets.
INFO 2025-02-15 02:36:58,587 basehttp "GET /revenue_collection/timesheets/ HTTP/1.1" 200 6893
WARNING 2025-02-15 02:36:58,677 log Not Found: /css2
WARNING 2025-02-15 02:36:58,678 basehttp "GET /css2 HTTP/1.1" 404 3296
INFO 2025-02-15 02:37:00,206 views User yaw accessed the upload page.
INFO 2025-02-15 02:37:00,212 basehttp "GET /revenue_collection/ HTTP/1.1" 200 7089
WARNING 2025-02-15 02:37:00,284 log Not Found: /css2
WARNING 2025-02-15 02:37:00,285 basehttp "GET /css2 HTTP/1.1" 404 3296
WARNING 2025-02-15 02:37:05,220 log Bad Request: /revenue_collection/upload_temp_file/
WARNING 2025-02-15 02:37:05,220 basehttp "POST /revenue_collection/upload_temp_file/ HTTP/1.1" 400 40
INFO 2025-02-15 02:37:13,152 basehttp "POST /revenue_collection/upload_temp_file/ HTTP/1.1" 200 68
INFO 2025-02-15 02:37:19,472 views Processing file request received.
INFO 2025-02-15 02:37:19,473 views Request JSON successfully parsed.
INFO 2025-02-15 02:37:19,473 views Generated sheet name: sheetAF143X
INFO 2025-02-15 02:37:19,476 views CSV file loaded successfully.
INFO 2025-02-15 02:37:19,486 views New entry added for Employee ID: 1 on 2019-07-01.
INFO 2025-02-15 02:37:19,490 views New entry added for Employee ID: 2 on 2019-07-01.
INFO 2025-02-15 02:37:19,495 views New entry added for Employee ID: 3 on 2019-07-01.
INFO 2025-02-15 02:37:19,499 views New entry added for Employee ID: 4 on 2019-07-01.
INFO 2025-02-15 02:37:19,511 views 4 new entries successfully added to the database.
INFO 2025-02-15 02:37:19,511 views Starting invoice generation process.
INFO 2025-02-15 02:37:19,517 views Converted time fields successfully.
INFO 2025-02-15 02:37:19,518 views Calculated billable hours and cost.
INFO 2025-02-15 02:37:19,537 views Invoice data successfully generated.
INFO 2025-02-15 02:37:19,539 views File processing completed successfully.
INFO 2025-02-15 02:37:19,549 basehttp "POST /revenue_collection/process_file/ HTTP/1.1" 200 170
INFO 2025-02-15 02:37:21,864 views User yaw accessed the project list page.
INFO 2025-02-15 02:37:21,864 views Retrieved 3 projects from session data.
INFO 2025-02-15 02:37:21,872 basehttp "GET /revenue_collection/list_projects/ HTTP/1.1" 200 7594
WARNING 2025-02-15 02:37:21,957 log Not Found: /css2
WARNING 2025-02-15 02:37:21,958 basehttp "GET /css2 HTTP/1.1" 404 3296
INFO 2025-02-15 02:37:23,327 views User yaw accessed invoice for project: Amazon
INFO 2025-02-15 02:37:23,328 views Successfully retrieved invoice data for project: Amazon. Entries found: 1
INFO 2025-02-15 02:37:23,334 basehttp "GET /revenue_collection/view_invoice/Amazon/ HTTP/1.1" 200 7116
WARNING 2025-02-15 02:37:23,391 log Not Found: /css2
WARNING 2025-02-15 02:37:23,391 basehttp "GET /css2 HTTP/1.1" 404 3296
WARNING 2025-02-15 02:37:56,933 log Bad Request: /revenue_collection/upload_temp_file/
WARNING 2025-02-15 02:37:56,934 basehttp "POST /revenue_collection/upload_temp_file/ HTTP/1.1" 400 70
WARNING 2025-02-15 02:38:21,974 log Bad Request: /revenue_collection/upload_temp_file/
WARNING 2025-02-15 02:38:21,975 basehttp "POST /revenue_collection/upload_temp_file/ HTTP/1.1" 400 46
WARNING 2025-02-15 02:38:40,698 log Bad Request: /revenue_collection/upload_temp_file/
WARNING 2025-02-15 02:38:40,699 basehttp "POST /revenue_collection/upload_temp_file/ HTTP/1.1" 400 170
INFO 2025-02-15 02:40:39,777 autoreload C:\Users\dell\Documents\revenue_collection\revenue_collection_web\bill_rate_system\views.py changed, reloading.
INFO 2025-02-15 02:40:41,040 autoreload Watching for file changes with StatReloader
INFO 2025-02-15 02:40:47,225 autoreload C:\Users\dell\Documents\revenue_collection\revenue_collection_web\bill_rate_system\views.py changed, reloading.
INFO 2025-02-15 02:40:49,275 autoreload Watching for file changes with StatReloader
INFO 2025-02-15 02:41:37,344 views User yaw accessed the upload page.
INFO 2025-02-15 02:41:37,369 basehttp "GET /revenue_collection/ HTTP/1.1" 200 7089
INFO 2025-02-15 02:41:37,443 basehttp "GET /static/assets/img/icons/upload1.svg HTTP/1.1" 304 0
INFO 2025-02-15 02:41:37,444 basehttp "GET /static/assets/img/icons/company.svg HTTP/1.1" 304 0
WARNING 2025-02-15 02:41:37,460 log Not Found: /css2
WARNING 2025-02-15 02:41:37,460 basehttp "GET /css2 HTTP/1.1" 404 3296
INFO 2025-02-15 02:41:37,469 basehttp "GET /static/assets/img/icons/csv.svg HTTP/1.1" 304 0
INFO 2025-02-15 02:41:37,495 basehttp "GET /static/assets/img/icons/logout.svg HTTP/1.1" 304 0
WARNING 2025-02-15 02:41:42,808 log Bad Request: /revenue_collection/upload_temp_file/
WARNING 2025-02-15 02:41:42,809 basehttp "POST /revenue_collection/upload_temp_file/ HTTP/1.1" 400 136
INFO 2025-02-15 02:43:32,626 autoreload C:\Users\dell\Documents\revenue_collection\revenue_collection_web\bill_rate_system\views.py changed, reloading.
INFO 2025-02-15 02:43:33,685 autoreload Watching for file changes with StatReloader
INFO 2025-02-15 02:43:38,998 autoreload C:\Users\dell\Documents\revenue_collection\revenue_collection_web\bill_rate_system\views.py changed, reloading.
INFO 2025-02-15 02:43:40,058 autoreload Watching for file changes with StatReloader
INFO 2025-02-15 02:43:58,405 autoreload C:\Users\dell\Documents\revenue_collection\revenue_collection_web\bill_rate_system\views.py changed, reloading.
INFO 2025-02-15 02:43:59,464 autoreload Watching for file changes with StatReloader
INFO 2025-02-15 02:44:08,782 autoreload C:\Users\dell\Documents\revenue_collection\revenue_collection_web\bill_rate_system\views.py changed, reloading.
INFO 2025-02-15 02:44:09,838 autoreload Watching for file changes with StatReloader
INFO 2025-02-15 02:44:13,560 views User yaw accessed the upload page.
INFO 2025-02-15 02:44:13,588 basehttp "GET /revenue_collection/ HTTP/1.1" 200 7089
WARNING 2025-02-15 02:44:13,704 log Not Found: /css2
WARNING 2025-02-15 02:44:13,705 basehttp "GET /css2 HTTP/1.1" 404 3296
WARNING 2025-02-15 02:44:18,805 log Bad Request: /revenue_collection/upload_temp_file/
WARNING 2025-02-15 02:44:18,807 basehttp "POST /revenue_collection/upload_temp_file/ HTTP/1.1" 400 208
INFO 2025-02-15 02:46:37,028 autoreload C:\Users\dell\Documents\revenue_collection\revenue_collection_web\bill_rate_system\views.py changed, reloading.
INFO 2025-02-15 02:46:39,025 autoreload Watching for file changes with StatReloader
INFO 2025-02-15 02:46:44,101 autoreload C:\Users\dell\Documents\revenue_collection\revenue_collection_web\bill_rate_system\views.py changed, reloading.
INFO 2025-02-15 02:46:45,126 autoreload Watching for file changes with StatReloader
INFO 2025-02-15 02:46:51,229 autoreload C:\Users\dell\Documents\revenue_collection\revenue_collection_web\bill_rate_system\views.py changed, reloading.
INFO 2025-02-15 02:46:52,589 autoreload Watching for file changes with StatReloader
INFO 2025-02-15 02:46:54,466 autoreload C:\Users\dell\Documents\revenue_collection\revenue_collection_web\bill_rate_system\views.py changed, reloading.
INFO 2025-02-15 02:46:55,794 autoreload Watching for file changes with StatReloader
INFO 2025-02-15 02:46:59,651 autoreload C:\Users\dell\Documents\revenue_collection\revenue_collection_web\bill_rate_system\views.py changed, reloading.
INFO 2025-02-15 02:47:01,360 autoreload Watching for file changes with StatReloader
INFO 2025-02-15 02:47:06,193 autoreload C:\Users\dell\Documents\revenue_collection\revenue_collection_web\bill_rate_system\views.py changed, reloading.
INFO 2025-02-15 02:47:07,503 autoreload Watching for file changes with StatReloader
INFO 2025-02-15 02:47:12,344 views User yaw accessed the upload page.
INFO 2025-02-15 02:47:12,373 basehttp "GET /revenue_collection/ HTTP/1.1" 200 7089
WARNING 2025-02-15 02:47:12,473 log Not Found: /css2
WARNING 2025-02-15 02:47:12,475 basehttp "GET /css2 HTTP/1.1" 404 3296
INFO 2025-02-15 02:47:12,477 basehttp "GET /static/assets/img/icons/upload1.svg HTTP/1.1" 304 0
INFO 2025-02-15 02:47:12,483 basehttp "GET /static/assets/img/icons/company.svg HTTP/1.1" 304 0
INFO 2025-02-15 02:47:12,505 basehttp "GET /static/assets/img/icons/csv.svg HTTP/1.1" 304 0
INFO 2025-02-15 02:47:12,509 basehttp "GET /static/assets/img/icons/logout.svg HTTP/1.1" 304 0
INFO 2025-02-15 02:47:16,418 basehttp "POST /revenue_collection/upload_temp_file/ HTTP/1.1" 200 67
INFO 2025-02-15 02:48:02,738 autoreload C:\Users\dell\Documents\revenue_collection\revenue_collection_web\bill_rate_system\views.py changed, reloading.
INFO 2025-02-15 02:48:04,005 autoreload Watching for file changes with StatReloader
INFO 2025-02-15 02:48:05,961 views User yaw accessed the upload page.
INFO 2025-02-15 02:48:05,983 basehttp "GET /revenue_collection/ HTTP/1.1" 200 7089
WARNING 2025-02-15 02:48:06,053 log Not Found: /css2
WARNING 2025-02-15 02:48:06,053 basehttp "GET /css2 HTTP/1.1" 404 3296
INFO 2025-02-15 02:48:06,835 basehttp "GET /static/assets/img/law.png HTTP/1.1" 304 0
WARNING 2025-02-15 02:48:15,228 log Bad Request: /revenue_collection/upload_temp_file/
WARNING 2025-02-15 02:48:15,229 basehttp "POST /revenue_collection/upload_temp_file/ HTTP/1.1" 400 208
INFO 2025-02-15 02:48:24,932 autoreload C:\Users\dell\Documents\revenue_collection\revenue_collection_web\bill_rate_system\views.py changed, reloading.
INFO 2025-02-15 02:48:26,087 autoreload Watching for file changes with StatReloader
INFO 2025-02-15 02:48:28,826 autoreload C:\Users\dell\Documents\revenue_collection\revenue_collection_web\bill_rate_system\views.py changed, reloading.
INFO 2025-02-15 02:48:29,821 autoreload Watching for file changes with StatReloader
INFO 2025-02-15 02:49:27,286 autoreload C:\Users\dell\Documents\revenue_collection\revenue_collection_web\bill_rate_system\views.py changed, reloading.
INFO 2025-02-15 02:49:28,454 autoreload Watching for file changes with StatReloader
INFO 2025-02-15 02:50:36,145 autoreload C:\Users\dell\Documents\revenue_collection\revenue_collection_web\bill_rate_system\views.py changed, reloading.
INFO 2025-02-15 02:50:37,341 autoreload Watching for file changes with StatReloader
INFO 2025-02-15 02:50:41,409 autoreload C:\Users\dell\Documents\revenue_collection\revenue_collection_web\bill_rate_system\views.py changed, reloading.
INFO 2025-02-15 02:50:42,608 autoreload Watching for file changes with StatReloader
INFO 2025-02-15 02:50:50,867 autoreload C:\Users\dell\Documents\revenue_collection\revenue_collection_web\bill_rate_system\views.py changed, reloading.
INFO 2025-02-15 02:50:52,269 autoreload Watching for file changes with StatReloader
INFO 2025-02-15 02:51:23,508 autoreload C:\Users\dell\Documents\revenue_collection\revenue_collection_web\bill_rate_system\views.py changed, reloading.
INFO 2025-02-15 02:51:24,626 autoreload Watching for file changes with StatReloader
INFO 2025-02-15 02:51:29,678 autoreload C:\Users\dell\Documents\revenue_collection\revenue_collection_web\bill_rate_system\views.py changed, reloading.
INFO 2025-02-15 02:51:30,950 autoreload Watching for file changes with StatReloader
WARNING 2025-02-15 02:51:34,302 log Bad Request: /revenue_collection/upload_temp_file/
WARNING 2025-02-15 02:51:34,303 basehttp "POST /revenue_collection/upload_temp_file/ HTTP/1.1" 400 176
INFO 2025-02-15 02:52:23,404 basehttp "POST /revenue_collection/upload_temp_file/ HTTP/1.1" 200 67
INFO 2025-02-15 02:54:49,168 autoreload C:\Users\dell\Documents\revenue_collection\revenue_collection_web\bill_rate_system\views.py changed, reloading.
INFO 2025-02-15 02:54:51,127 autoreload Watching for file changes with StatReloader
INFO 2025-02-15 02:55:01,540 autoreload C:\Users\dell\Documents\revenue_collection\revenue_collection_web\bill_rate_system\views.py changed, reloading.
INFO 2025-02-15 02:55:02,957 autoreload Watching for file changes with StatReloader
INFO 2025-02-15 02:55:19,831 autoreload C:\Users\dell\Documents\revenue_collection\revenue_collection_web\bill_rate_system\views.py changed, reloading.
INFO 2025-02-15 02:55:20,920 autoreload Watching for file changes with StatReloader
INFO 2025-02-15 02:55:26,898 autoreload C:\Users\dell\Documents\revenue_collection\revenue_collection_web\bill_rate_system\views.py changed, reloading.
INFO 2025-02-15 02:55:28,459 autoreload Watching for file changes with StatReloader
INFO 2025-02-15 02:55:47,198 views User yaw accessed the upload page.
INFO 2025-02-15 02:55:47,222 basehttp "GET /revenue_collection/ HTTP/1.1" 200 7089
INFO 2025-02-15 02:55:47,292 basehttp "GET /static/assets/img/icons/upload1.svg HTTP/1.1" 304 0
INFO 2025-02-15 02:55:47,292 basehttp "GET /static/assets/img/icons/company.svg HTTP/1.1" 304 0
WARNING 2025-02-15 02:55:47,310 log Not Found: /css2
WARNING 2025-02-15 02:55:47,312 basehttp "GET /css2 HTTP/1.1" 404 3296
INFO 2025-02-15 02:55:47,312 basehttp "GET /static/assets/img/icons/csv.svg HTTP/1.1" 304 0
INFO 2025-02-15 02:55:47,313 basehttp "GET /static/assets/img/icons/logout.svg HTTP/1.1" 304 0
INFO 2025-02-15 02:55:47,422 basehttp "GET /static/assets/js/upload.js HTTP/1.1" 304 0
INFO 2025-02-15 02:55:52,798 basehttp "POST /revenue_collection/upload_temp_file/ HTTP/1.1" 200 67
INFO 2025-02-15 02:56:12,606 views User yaw accessed the upload page.
INFO 2025-02-15 02:56:12,609 basehttp "GET /revenue_collection/ HTTP/1.1" 200 7089
WARNING 2025-02-15 02:56:12,718 log Not Found: /css2
WARNING 2025-02-15 02:56:12,719 basehttp "GET /css2 HTTP/1.1" 404 3296
WARNING 2025-02-15 02:56:16,904 log Bad Request: /revenue_collection/upload_temp_file/
WARNING 2025-02-15 02:56:16,905 basehttp "POST /revenue_collection/upload_temp_file/ HTTP/1.1" 400 189
INFO 2025-02-15 02:58:00,315 autoreload C:\Users\dell\Documents\revenue_collection\revenue_collection_web\bill_rate_system\views.py changed, reloading.
INFO 2025-02-15 02:58:02,436 autoreload Watching for file changes with StatReloader
INFO 2025-02-15 02:58:08,038 views User yaw accessed the upload page.
INFO 2025-02-15 02:58:08,067 basehttp "GET /revenue_collection/ HTTP/1.1" 200 7089
WARNING 2025-02-15 02:58:08,184 log Not Found: /css2
WARNING 2025-02-15 02:58:08,184 basehttp "GET /css2 HTTP/1.1" 404 3296
WARNING 2025-02-15 02:58:13,462 log Bad Request: /revenue_collection/upload_temp_file/
WARNING 2025-02-15 02:58:13,463 basehttp "POST /revenue_collection/upload_temp_file/ HTTP/1.1" 400 49
INFO 2025-02-15 02:59:15,779 autoreload C:\Users\dell\Documents\revenue_collection\revenue_collection_web\bill_rate_system\views.py changed, reloading.
INFO 2025-02-15 02:59:17,116 autoreload Watching for file changes with StatReloader
INFO 2025-02-15 02:59:21,049 autoreload C:\Users\dell\Documents\revenue_collection\revenue_collection_web\bill_rate_system\views.py changed, reloading.
INFO 2025-02-15 02:59:22,048 autoreload Watching for file changes with StatReloader
INFO 2025-02-15 02:59:27,892 autoreload C:\Users\dell\Documents\revenue_collection\revenue_collection_web\bill_rate_system\views.py changed, reloading.
INFO 2025-02-15 02:59:29,106 autoreload Watching for file changes with StatReloader
